Using pre-set license
Built from '2020.3/release' branch; Version is '2020.3.2f1 (8fd9074bf66c) revision 9427207'; Using compiler version '192528614'; Build Type 'Release'
OS: 'Windows 10 Home Single Language; OS build 19042.1645; Version 2009; 64bit' Language: 'pt' Physical Memory: 8083 MB
BatchMode: 1, IsHumanControllingUs: 0, StartBugReporterOnCrash: 0, Is64bit: 1, IsPro: 0

 COMMAND LINE ARGUMENTS:
C:\Program Files\Unity\Hub\Editor\2020.3.2f1\Editor\Unity.exe
-adb2
-batchMode
-noUpm
-name
AssetImportWorker2
-projectPath
C:/Users/breno/Documents/GitHub/cardjitsu
-logFile
Logs/AssetImportWorker2.log
-srvPort
56521
Successfully changed project path to: C:/Users/breno/Documents/GitHub/cardjitsu
C:/Users/breno/Documents/GitHub/cardjitsu
Using Asset Import Pipeline V2.
Refreshing native plugins compatible for Editor in 46.19 ms, found 1 plugins.
Preloading 0 native plugins for Editor in 0.00 ms.
Initialize engine version: 2020.3.2f1 (8fd9074bf66c)
[Subsystems] Discovering subsystems at path C:/Program Files/Unity/Hub/Editor/2020.3.2f1/Editor/Data/Resources/UnitySubsystems
[Subsystems] Discovering subsystems at path C:/Users/breno/Documents/GitHub/cardjitsu/Assets
GfxDevice: creating device client; threaded=0
Direct3D:
    Version:  Direct3D 11.0 [level 11.0]
    Renderer: NVIDIA GeForce MX110 (ID=0x174e)
    Vendor:   
    VRAM:     2010 MB
    Driver:   30.0.15.1165
Initialize mono
Mono path[0] = 'C:/Program Files/Unity/Hub/Editor/2020.3.2f1/Editor/Data/Managed'
Mono path[1] = 'C:/Program Files/Unity/Hub/Editor/2020.3.2f1/Editor/Data/MonoBleedingEdge/lib/mono/unityjit'
Mono config path = 'C:/Program Files/Unity/Hub/Editor/2020.3.2f1/Editor/Data/MonoBleedingEdge/etc'
Using monoOptions --debugger-agent=transport=dt_socket,embedding=1,server=y,suspend=n,address=127.0.0.1:56108
Begin MonoManager ReloadAssembly
Registering precompiled unity dll's ...
Register platform support module: C:/Program Files/Unity/Hub/Editor/2020.3.2f1/Editor/Data/PlaybackEngines/WebGLSupport/UnityEditor.WebGL.Extensions.dll
Register platform support module: C:/Program Files/Unity/Hub/Editor/2020.3.2f1/Editor/Data/PlaybackEngines/WindowsStandaloneSupport/UnityEditor.WindowsStandalone.Extensions.dll
Registered in 0.001952 seconds.
Native extension for WindowsStandalone target not found
Native extension for WebGL target not found
Refreshing native plugins compatible for Editor in 44.90 ms, found 1 plugins.
Preloading 0 native plugins for Editor in 0.00 ms.
Invoked RoslynAnalysisRunner static constructor.
RoslynAnalysisRunner will not be running.
RoslynAnalysisRunner has terminated.
Mono: successfully reloaded assembly
- Completed reload, in  1.135 seconds
Platform modules already initialized, skipping
Registering precompiled user dll's ...
Registered in 0.005788 seconds.
Begin MonoManager ReloadAssembly
Native extension for WindowsStandalone target not found
Native extension for WebGL target not found
Refreshing native plugins compatible for Editor in 47.91 ms, found 1 plugins.
Preloading 0 native plugins for Editor in 0.00 ms.
Invoked RoslynAnalysisRunner static constructor.
RoslynAnalysisRunner will not be running.
RoslynAnalysisRunner has terminated.
Mono: successfully reloaded assembly
- Completed reload, in  1.349 seconds
Platform modules already initialized, skipping
========================================================================
Worker process is ready to serve import requests
Launched and connected shader compiler UnityShaderCompiler.exe after 0.12 seconds
Refreshing native plugins compatible for Editor in 0.60 ms, found 1 plugins.
Preloading 0 native plugins for Editor in 0.00 ms.
Unloading 2266 Unused Serialized files (Serialized files now loaded: 0)
System memory in use before: 104.3 MB.
System memory in use after: 104.2 MB.

Unloading 39 unused Assets to reduce memory usage. Loaded Objects now: 2693.
Total: 3.793600 ms (FindLiveObjects: 0.611500 ms CreateObjectMapping: 0.361400 ms MarkObjects: 2.605900 ms  DeleteObjects: 0.213200 ms)

========================================================================
Received Import Request.
  path: Assets/Scenes/Scripts
  artifactKey: Guid(60323861003ea3d4cbe10c37efb7a604) Importer(815301076,1909f56bfc062723c751e8b465ee728b)
Start importing Assets/Scenes/Scripts using Guid(60323861003ea3d4cbe10c37efb7a604) Importer(815301076,1909f56bfc062723c751e8b465ee728b)  -> (artifact id: '72faa4aaa2dd39d6c2b261bf4a8470fd') in 0.048859 seconds
  Import took 0.052375 seconds .

========================================================================
Received Import Request.
  Time since last request: 1744.184640 seconds.
  path: Packages/com.unity.2d.animation/package.json
  artifactKey: Guid(9e83c20a8293f44ec8a375d3805f477d) Importer(815301076,1909f56bfc062723c751e8b465ee728b)
Start importing Packages/com.unity.2d.animation/package.json using Guid(9e83c20a8293f44ec8a375d3805f477d) Importer(815301076,1909f56bfc062723c751e8b465ee728b)  -> (artifact id: 'b7ea69136f1f2383f90d5b9e3cd1995d') in 0.177202 seconds
  Import took 0.181154 seconds .

========================================================================
Received Import Request.
  Time since last request: 0.096879 seconds.
  path: Packages/com.unity.2d.common/package.json
  artifactKey: Guid(68f1917ec3cac45b080c26153375c2bb) Importer(815301076,1909f56bfc062723c751e8b465ee728b)
Start importing Packages/com.unity.2d.common/package.json using Guid(68f1917ec3cac45b080c26153375c2bb) Importer(815301076,1909f56bfc062723c751e8b465ee728b)  -> (artifact id: '87cd08f33411389de963dcf6103e11cb') in 0.049909 seconds
  Import took 0.054286 seconds .

========================================================================
Received Import Request.
  Time since last request: 0.975535 seconds.
  path: Packages/com.unity.burst/package.json
  artifactKey: Guid(5fb28db57db3325b95957fcfe1a0108b) Importer(815301076,1909f56bfc062723c751e8b465ee728b)
Start importing Packages/com.unity.burst/package.json using Guid(5fb28db57db3325b95957fcfe1a0108b) Importer(815301076,1909f56bfc062723c751e8b465ee728b)  -> (artifact id: '9280058046baf6c54db2c98e7e5cc147') in 0.003102 seconds
  Import took 0.040361 seconds .

========================================================================
Received Import Request.
  Time since last request: 2.331392 seconds.
  path: Packages/com.unity.collections/package.json
  artifactKey: Guid(bd605698a338c4de88bb5b3c4632af68) Importer(815301076,1909f56bfc062723c751e8b465ee728b)
Start importing Packages/com.unity.collections/package.json using Guid(bd605698a338c4de88bb5b3c4632af68) Importer(815301076,1909f56bfc062723c751e8b465ee728b)  -> (artifact id: 'd0f5b19ba149a845268f4d9121169a2e') in 0.004092 seconds
  Import took 0.007663 seconds .

========================================================================
Received Import Request.
  Time since last request: 0.337938 seconds.
  path: Packages/com.unity.ext.nunit/package.json
  artifactKey: Guid(8143d3a8390f2c64685e3bc272bd9e90) Importer(815301076,1909f56bfc062723c751e8b465ee728b)
Start importing Packages/com.unity.ext.nunit/package.json using Guid(8143d3a8390f2c64685e3bc272bd9e90) Importer(815301076,1909f56bfc062723c751e8b465ee728b)  -> (artifact id: '71ca8d9074a00b9885f806022cb74598') in 0.033896 seconds
  Import took 0.037382 seconds .

========================================================================
Received Import Request.
  Time since last request: 0.399572 seconds.
  path: Packages/com.unity.ide.rider/package.json
  artifactKey: Guid(66c95bb3c74257f41bae2622511dc02d) Importer(815301076,1909f56bfc062723c751e8b465ee728b)
Start importing Packages/com.unity.ide.rider/package.json using Guid(66c95bb3c74257f41bae2622511dc02d) Importer(815301076,1909f56bfc062723c751e8b465ee728b)  -> (artifact id: 'b1ae9e35c0e2d43a2814e34631ff85f6') in 0.030072 seconds
  Import took 0.033881 seconds .

========================================================================
Received Import Request.
  Time since last request: 0.443346 seconds.
  path: Packages/com.unity.mathematics/package.json
  artifactKey: Guid(d34d0af25c21141a98c0cf3c0066444f) Importer(815301076,1909f56bfc062723c751e8b465ee728b)
Start importing Packages/com.unity.mathematics/package.json using Guid(d34d0af25c21141a98c0cf3c0066444f) Importer(815301076,1909f56bfc062723c751e8b465ee728b)  -> (artifact id: '315b0c03e5bb9611d72e93b659a69b5e') in 0.003922 seconds
  Import took 0.007951 seconds .

========================================================================
Received Import Request.
  Time since last request: 0.537217 seconds.
  path: Packages/com.unity.nuget.mono-cecil/package.json
  artifactKey: Guid(17a4fd582bf2d47479cf5c1508ca82c6) Importer(815301076,1909f56bfc062723c751e8b465ee728b)
Start importing Packages/com.unity.nuget.mono-cecil/package.json using Guid(17a4fd582bf2d47479cf5c1508ca82c6) Importer(815301076,1909f56bfc062723c751e8b465ee728b)  -> (artifact id: '3b7505a6ef5dd5e06e82648e5fc203cd') in 0.003125 seconds
  Import took 0.006747 seconds .

========================================================================
Received Import Request.
  Time since last request: 0.299185 seconds.
  path: Packages/com.unity.multiplayer.tools/package.json
  artifactKey: Guid(8f021004db4054042b41e805efb4d554) Importer(815301076,1909f56bfc062723c751e8b465ee728b)
Start importing Packages/com.unity.multiplayer.tools/package.json using Guid(8f021004db4054042b41e805efb4d554) Importer(815301076,1909f56bfc062723c751e8b465ee728b)  -> (artifact id: '0f3777ea60476be92f9211b7e4f898a0') in 0.002579 seconds
  Import took 0.006654 seconds .

========================================================================
Received Import Request.
  Time since last request: 2.465932 seconds.
  path: Packages/com.unity.multiplayer.tools/NetworkSolutionInterface
  artifactKey: Guid(55dc3868125e4f345ba06ac768939349) Importer(815301076,1909f56bfc062723c751e8b465ee728b)
Start importing Packages/com.unity.multiplayer.tools/NetworkSolutionInterface using Guid(55dc3868125e4f345ba06ac768939349) Importer(815301076,1909f56bfc062723c751e8b465ee728b)  -> (artifact id: '36092f1bf87ea1a268e8d7324ee3f58b') in 0.008223 seconds
  Import took 0.012859 seconds .

========================================================================
Received Import Request.
  Time since last request: 5.043415 seconds.
  path: Packages/com.unity.multiplayer.tools/NetworkProfiler
  artifactKey: Guid(2af937945ff158149a5db8710000130b) Importer(815301076,1909f56bfc062723c751e8b465ee728b)
Start importing Packages/com.unity.multiplayer.tools/NetworkProfiler using Guid(2af937945ff158149a5db8710000130b) Importer(815301076,1909f56bfc062723c751e8b465ee728b)  -> (artifact id: '1c38f2f865199c53f41e2c3d694f9c1d') in 0.008524 seconds
  Import took 0.013220 seconds .

========================================================================
Received Import Request.
  Time since last request: 1.051734 seconds.
  path: Packages/com.unity.multiplayer.tools/NetworkProfiler/Tests
  artifactKey: Guid(599130f2a9c2d6e429a1408d1346dd6b) Importer(815301076,1909f56bfc062723c751e8b465ee728b)
Start importing Packages/com.unity.multiplayer.tools/NetworkProfiler/Tests using Guid(599130f2a9c2d6e429a1408d1346dd6b) Importer(815301076,1909f56bfc062723c751e8b465ee728b)  -> (artifact id: '8080f388b3de914391ee7187cd3733ca') in 0.009514 seconds
  Import took 0.013704 seconds .

========================================================================
Received Import Request.
  Time since last request: 0.716744 seconds.
  path: Packages/com.unity.multiplayer.tools/NetworkProfiler/Tests/Editor
  artifactKey: Guid(33aae54a8b4e02146b495b639fbf5156) Importer(815301076,1909f56bfc062723c751e8b465ee728b)
Start importing Packages/com.unity.multiplayer.tools/NetworkProfiler/Tests/Editor using Guid(33aae54a8b4e02146b495b639fbf5156) Importer(815301076,1909f56bfc062723c751e8b465ee728b)  -> (artifact id: 'b3f79d5ba073f52f35fc30989d2a26da') in 0.007340 seconds
  Import took 0.011713 seconds .

========================================================================
Received Import Request.
  Time since last request: 0.063558 seconds.
  path: Packages/com.unity.multiplayer.tools/NetworkProfiler/Tests/Editor/Unity.Multiplayer.Tools.NetworkProfiler.Tests.Editor.asmdef
  artifactKey: Guid(b004de37ef5bf9944a31bd521587d11f) Importer(815301076,1909f56bfc062723c751e8b465ee728b)
Start importing Packages/com.unity.multiplayer.tools/NetworkProfiler/Tests/Editor/Unity.Multiplayer.Tools.NetworkProfiler.Tests.Editor.asmdef using Guid(b004de37ef5bf9944a31bd521587d11f) Importer(815301076,1909f56bfc062723c751e8b465ee728b)  -> (artifact id: 'a0b87ee362b541497c0596c4a064ecba') in 0.041473 seconds
  Import took 0.044999 seconds .

========================================================================
Received Import Request.
  Time since last request: 1.148584 seconds.
  path: Packages/com.unity.multiplayer.tools/NetworkProfiler/Tests/Editor/DetailsViewFoldoutStateTests.cs
  artifactKey: Guid(adf482391797408495ce8dc6347f7cda) Importer(815301076,1909f56bfc062723c751e8b465ee728b)
Start importing Packages/com.unity.multiplayer.tools/NetworkProfiler/Tests/Editor/DetailsViewFoldoutStateTests.cs using Guid(adf482391797408495ce8dc6347f7cda) Importer(815301076,1909f56bfc062723c751e8b465ee728b)  -> (artifact id: '95c159156d300f13c1adf5344e84cbdd') in 0.006628 seconds
  Import took 0.010299 seconds .

========================================================================
Received Import Request.
  Time since last request: 0.001966 seconds.
  path: Packages/com.unity.multiplayer.tools/NetworkProfiler/Tests/Editor/DetailsViewFoldoutStateTests.cs
  artifactKey: Guid(adf482391797408495ce8dc6347f7cda) Importer(815301076,1909f56bfc062723c751e8b465ee728b)
Start importing Packages/com.unity.multiplayer.tools/NetworkProfiler/Tests/Editor/DetailsViewFoldoutStateTests.cs using Guid(adf482391797408495ce8dc6347f7cda) Importer(815301076,1909f56bfc062723c751e8b465ee728b)  -> (artifact id: '95c159156d300f13c1adf5344e84cbdd') in 0.002313 seconds
  Import took 0.005979 seconds .

========================================================================
Received Import Request.
  Time since last request: 2.041718 seconds.
  path: Packages/com.unity.multiplayer.tools/NetworkProfiler/Tests/Editor/TreeModel
  artifactKey: Guid(57f49c84e9274b7da6379cddecf36a71) Importer(815301076,1909f56bfc062723c751e8b465ee728b)
Start importing Packages/com.unity.multiplayer.tools/NetworkProfiler/Tests/Editor/TreeModel using Guid(57f49c84e9274b7da6379cddecf36a71) Importer(815301076,1909f56bfc062723c751e8b465ee728b)  -> (artifact id: '9c7f38109c81292a2cdb96628f2f5f12') in 0.007222 seconds
  Import took 0.012245 seconds .

========================================================================
Received Prepare
Registering precompiled user dll's ...
Registered in 0.006593 seconds.
Begin MonoManager ReloadAssembly
Native extension for WindowsStandalone target not found
Native extension for WebGL target not found
Refreshing native plugins compatible for Editor in 0.49 ms, found 1 plugins.
Preloading 0 native plugins for Editor in 0.00 ms.
Invoked RoslynAnalysisRunner static constructor.
RoslynAnalysisRunner will not be running.
RoslynAnalysisRunner has terminated.
Mono: successfully reloaded assembly
- Completed reload, in  1.125 seconds
Platform modules already initialized, skipping
Refreshing native plugins compatible for Editor in 0.51 ms, found 1 plugins.
Preloading 0 native plugins for Editor in 0.00 ms.
Unloading 2261 Unused Serialized files (Serialized files now loaded: 0)
System memory in use before: 104.3 MB.
System memory in use after: 104.3 MB.

Unloading 27 unused Assets to reduce memory usage. Loaded Objects now: 2697.
Total: 2.998200 ms (FindLiveObjects: 0.238000 ms CreateObjectMapping: 0.117300 ms MarkObjects: 2.497900 ms  DeleteObjects: 0.143600 ms)

========================================================================
Received Prepare
Registering precompiled user dll's ...
Registered in 0.007181 seconds.
Begin MonoManager ReloadAssembly
Native extension for WindowsStandalone target not found
Native extension for WebGL target not found
Refreshing native plugins compatible for Editor in 0.59 ms, found 1 plugins.
Preloading 0 native plugins for Editor in 0.00 ms.
Invoked RoslynAnalysisRunner static constructor.
RoslynAnalysisRunner will not be running.
RoslynAnalysisRunner has terminated.
Mono: successfully reloaded assembly
- Completed reload, in  1.401 seconds
Platform modules already initialized, skipping
Refreshing native plugins compatible for Editor in 0.58 ms, found 1 plugins.
Preloading 0 native plugins for Editor in 0.00 ms.
Unloading 2483 Unused Serialized files (Serialized files now loaded: 0)
System memory in use before: 111.8 MB.
System memory in use after: 111.8 MB.

Unloading 33 unused Assets to reduce memory usage. Loaded Objects now: 2918.
Total: 3.033400 ms (FindLiveObjects: 0.385200 ms CreateObjectMapping: 0.130900 ms MarkObjects: 2.359800 ms  DeleteObjects: 0.156000 ms)

========================================================================
Received Import Request.
  Time since last request: 585.580428 seconds.
  path: Assets/Photon/PhotonUnityNetworking/Resources/PhotonServerSettings.asset
  artifactKey: Guid(7083696befa6347479b03336f028f4f1) Importer(815301076,1909f56bfc062723c751e8b465ee728b)
Start importing Assets/Photon/PhotonUnityNetworking/Resources/PhotonServerSettings.asset using Guid(7083696befa6347479b03336f028f4f1) Importer(815301076,1909f56bfc062723c751e8b465ee728b)  -> (artifact id: 'ad9e9afe815c472f452adf7a55f3bcaa') in 0.016337 seconds
  Import took 0.020757 seconds .

========================================================================
Received Import Request.
  Time since last request: 0.008225 seconds.
  path: Assets/Photon/PhotonUnityNetworking/Resources/PhotonServerSettings.asset
  artifactKey: Guid(7083696befa6347479b03336f028f4f1) Importer(815301076,1909f56bfc062723c751e8b465ee728b)
Start importing Assets/Photon/PhotonUnityNetworking/Resources/PhotonServerSettings.asset using Guid(7083696befa6347479b03336f028f4f1) Importer(815301076,1909f56bfc062723c751e8b465ee728b)  -> (artifact id: 'ad9e9afe815c472f452adf7a55f3bcaa') in 0.002498 seconds
  Import took 0.006735 seconds .

========================================================================
Received Import Request.
  Time since last request: 17.271173 seconds.
  path: Assets/Scenes/Scenes/SampleScene.unity
  artifactKey: Guid(2cda990e2423bbf4892e6590ba056729) Importer(815301076,1909f56bfc062723c751e8b465ee728b)
Start importing Assets/Scenes/Scenes/SampleScene.unity using Guid(2cda990e2423bbf4892e6590ba056729) Importer(815301076,1909f56bfc062723c751e8b465ee728b)  -> (artifact id: '2a68887130933bf8a9b952dd92656ebf') in 0.007639 seconds
  Import took 0.012040 seconds .

========================================================================
Received Import Request.
  Time since last request: 12.721426 seconds.
  path: Assets/Scenes/Scenes/LoadingScene.unity
  artifactKey: Guid(2cda990e2423bbf4892e6590ba056729) Importer(815301076,1909f56bfc062723c751e8b465ee728b)
Start importing Assets/Scenes/Scenes/LoadingScene.unity using Guid(2cda990e2423bbf4892e6590ba056729) Importer(815301076,1909f56bfc062723c751e8b465ee728b)  -> (artifact id: '8f971af0390a9d317bd28f55e9e49944') in 0.006085 seconds
  Import took 0.011305 seconds .

========================================================================
Received Import Request.
  Time since last request: 95.453448 seconds.
  path: Assets/TextMesh Pro/Resources/Fonts & Materials/LiberationSans SDF - Drop Shadow.mat
  artifactKey: Guid(e73a58f6e2794ae7b1b7e50b7fb811b0) Importer(815301076,1909f56bfc062723c751e8b465ee728b)
Start importing Assets/TextMesh Pro/Resources/Fonts & Materials/LiberationSans SDF - Drop Shadow.mat using Guid(e73a58f6e2794ae7b1b7e50b7fb811b0) Importer(815301076,1909f56bfc062723c751e8b465ee728b)  -> (artifact id: 'd7c9a6e63d9fa0062e755b0df8e71c27') in 0.575281 seconds
  Import took 0.579683 seconds .

========================================================================
Received Import Request.
  Time since last request: 0.000321 seconds.
  path: Assets/TextMesh Pro/Resources/Fonts & Materials/LiberationSans SDF - Outline.mat
  artifactKey: Guid(79459efec17a4d00a321bdcc27bbc385) Importer(815301076,1909f56bfc062723c751e8b465ee728b)
Start importing Assets/TextMesh Pro/Resources/Fonts & Materials/LiberationSans SDF - Outline.mat using Guid(79459efec17a4d00a321bdcc27bbc385) Importer(815301076,1909f56bfc062723c751e8b465ee728b)  -> (artifact id: 'c269c21ac78df1e67178f1f5f025eb67') in 0.077434 seconds
  Import took 0.081491 seconds .

========================================================================
Received Import Request.
  Time since last request: 0.000303 seconds.
  path: Assets/TextMesh Pro/Resources/Fonts & Materials/LiberationSans SDF - Fallback.asset
  artifactKey: Guid(2e498d1c8094910479dc3e1b768306a4) Importer(815301076,1909f56bfc062723c751e8b465ee728b)
Start importing Assets/TextMesh Pro/Resources/Fonts & Materials/LiberationSans SDF - Fallback.asset using Guid(2e498d1c8094910479dc3e1b768306a4) Importer(815301076,1909f56bfc062723c751e8b465ee728b)  -> (artifact id: '6325ae9a70782a205d52cf1addc2954c') in 0.084614 seconds
  Import took 0.090584 seconds .

========================================================================
Received Import Request.
  Time since last request: 0.000322 seconds.
  path: Assets/TextMesh Pro/Resources/Fonts & Materials/LiberationSans SDF - Drop Shadow.mat
  artifactKey: Guid(e73a58f6e2794ae7b1b7e50b7fb811b0) Importer(815301076,1909f56bfc062723c751e8b465ee728b)
Start importing Assets/TextMesh Pro/Resources/Fonts & Materials/LiberationSans SDF - Drop Shadow.mat using Guid(e73a58f6e2794ae7b1b7e50b7fb811b0) Importer(815301076,1909f56bfc062723c751e8b465ee728b)  -> (artifact id: 'd7c9a6e63d9fa0062e755b0df8e71c27') in 0.030704 seconds
  Import took 0.034942 seconds .

========================================================================
Received Import Request.
  Time since last request: 0.000289 seconds.
  path: Assets/TextMesh Pro/Resources/Fonts & Materials/LiberationSans SDF - Fallback.asset
  artifactKey: Guid(2e498d1c8094910479dc3e1b768306a4) Importer(815301076,1909f56bfc062723c751e8b465ee728b)
Start importing Assets/TextMesh Pro/Resources/Fonts & Materials/LiberationSans SDF - Fallback.asset using Guid(2e498d1c8094910479dc3e1b768306a4) Importer(815301076,1909f56bfc062723c751e8b465ee728b)  -> (artifact id: '6325ae9a70782a205d52cf1addc2954c') in 0.009855 seconds
  Import took 0.013589 seconds .

========================================================================
Received Import Request.
  Time since last request: 0.000275 seconds.
  path: Assets/TextMesh Pro/Resources/Fonts & Materials/LiberationSans SDF.asset
  artifactKey: Guid(8f586378b4e144a9851e7b34d9b748ee) Importer(815301076,1909f56bfc062723c751e8b465ee728b)
Start importing Assets/TextMesh Pro/Resources/Fonts & Materials/LiberationSans SDF.asset using Guid(8f586378b4e144a9851e7b34d9b748ee) Importer(815301076,1909f56bfc062723c751e8b465ee728b)  -> (artifact id: '0993fc02711b3bbe6d995d41cc54c5cd') in 0.036815 seconds
  Import took 0.040468 seconds .

========================================================================
Received Import Request.
  Time since last request: 13.338555 seconds.
  path: Assets
  artifactKey: Guid(00000000000000001000000000000000) Importer(815301076,1909f56bfc062723c751e8b465ee728b)
Start importing Assets using Guid(00000000000000001000000000000000) Importer(815301076,1909f56bfc062723c751e8b465ee728b)  -> (artifact id: '819a33a9bd799f71faca6db75e8a216c') in 0.006954 seconds
  Import took 0.012212 seconds .

========================================================================
Received Import Request.
  Time since last request: 3.866605 seconds.
  path: Assets/Scripts
  artifactKey: Guid(2f9e1729662399d4997635aa0fea5046) Importer(815301076,1909f56bfc062723c751e8b465ee728b)
Start importing Assets/Scripts using Guid(2f9e1729662399d4997635aa0fea5046) Importer(815301076,1909f56bfc062723c751e8b465ee728b)  -> (artifact id: '6474d13fdf675cf937cbc3d1a5e837f1') in 0.008089 seconds
  Import took 0.012442 seconds .

========================================================================
Received Import Request.
  Time since last request: 34.298966 seconds.
  path: Assets/Scripts/ConnectToServer.cs
  artifactKey: Guid(be4e64a629c344a4d8c2ab2c11974f46) Importer(815301076,1909f56bfc062723c751e8b465ee728b)
Start importing Assets/Scripts/ConnectToServer.cs using Guid(be4e64a629c344a4d8c2ab2c11974f46) Importer(815301076,1909f56bfc062723c751e8b465ee728b)  -> (artifact id: '886f477b9a6d81e8deae07243a382a2a') in 0.008012 seconds
  Import took 0.015011 seconds .

========================================================================
Received Prepare
Registering precompiled user dll's ...
Registered in 0.011383 seconds.
Begin MonoManager ReloadAssembly
Native extension for WindowsStandalone target not found
Native extension for WebGL target not found
Refreshing native plugins compatible for Editor in 0.63 ms, found 1 plugins.
Preloading 0 native plugins for Editor in 0.00 ms.
Invoked RoslynAnalysisRunner static constructor.
RoslynAnalysisRunner will not be running.
RoslynAnalysisRunner has terminated.
Mono: successfully reloaded assembly
- Completed reload, in  1.218 seconds
Platform modules already initialized, skipping
Refreshing native plugins compatible for Editor in 0.57 ms, found 1 plugins.
Preloading 0 native plugins for Editor in 0.00 ms.
Unloading 2497 Unused Serialized files (Serialized files now loaded: 0)
System memory in use before: 117.2 MB.
System memory in use after: 116.6 MB.

Unloading 45 unused Assets to reduce memory usage. Loaded Objects now: 2968.
Total: 3.310700 ms (FindLiveObjects: 0.272400 ms CreateObjectMapping: 0.142100 ms MarkObjects: 2.516800 ms  DeleteObjects: 0.377900 ms)

========================================================================
Received Prepare
Registering precompiled user dll's ...
Registered in 0.006984 seconds.
Begin MonoManager ReloadAssembly
Native extension for WindowsStandalone target not found
Native extension for WebGL target not found
Refreshing native plugins compatible for Editor in 0.65 ms, found 1 plugins.
Preloading 0 native plugins for Editor in 0.00 ms.
Invoked RoslynAnalysisRunner static constructor.
RoslynAnalysisRunner will not be running.
RoslynAnalysisRunner has terminated.
Mono: successfully reloaded assembly
- Completed reload, in  1.211 seconds
Platform modules already initialized, skipping
Refreshing native plugins compatible for Editor in 0.58 ms, found 1 plugins.
Preloading 0 native plugins for Editor in 0.00 ms.
Unloading 2496 Unused Serialized files (Serialized files now loaded: 0)
System memory in use before: 117.1 MB.
System memory in use after: 116.5 MB.

Unloading 45 unused Assets to reduce memory usage. Loaded Objects now: 2973.
Total: 3.971600 ms (FindLiveObjects: 0.322700 ms CreateObjectMapping: 0.238500 ms MarkObjects: 2.976300 ms  DeleteObjects: 0.413700 ms)

