Using pre-set license
Built from '2020.3/release' branch; Version is '2020.3.2f1 (8fd9074bf66c) revision 9427207'; Using compiler version '192528614'; Build Type 'Release'
OS: 'Windows 10 Home Single Language; OS build 19044.1645; Version 2009; 64bit' Language: 'pt' Physical Memory: 8083 MB
BatchMode: 1, IsHumanControllingUs: 0, StartBugReporterOnCrash: 0, Is64bit: 1, IsPro: 0

 COMMAND LINE ARGUMENTS:
C:\Program Files\Unity\Hub\Editor\2020.3.2f1\Editor\Unity.exe
-adb2
-batchMode
-noUpm
-name
AssetImportWorker0
-projectPath
C:/Users/breno/Documents/GitHub/cardjitsu
-logFile
Logs/AssetImportWorker0.log
-srvPort
51903
Successfully changed project path to: C:/Users/breno/Documents/GitHub/cardjitsu
C:/Users/breno/Documents/GitHub/cardjitsu
Using Asset Import Pipeline V2.
Refreshing native plugins compatible for Editor in 59.93 ms, found 1 plugins.
Preloading 0 native plugins for Editor in 0.00 ms.
Initialize engine version: 2020.3.2f1 (8fd9074bf66c)
[Subsystems] Discovering subsystems at path C:/Program Files/Unity/Hub/Editor/2020.3.2f1/Editor/Data/Resources/UnitySubsystems
[Subsystems] Discovering subsystems at path C:/Users/breno/Documents/GitHub/cardjitsu/Assets
GfxDevice: creating device client; threaded=0
Direct3D:
    Version:  Direct3D 11.0 [level 11.0]
    Renderer: NVIDIA GeForce MX110 (ID=0x174e)
    Vendor:   
    VRAM:     2010 MB
    Driver:   30.0.15.1165
Initialize mono
Mono path[0] = 'C:/Program Files/Unity/Hub/Editor/2020.3.2f1/Editor/Data/Managed'
Mono path[1] = 'C:/Program Files/Unity/Hub/Editor/2020.3.2f1/Editor/Data/MonoBleedingEdge/lib/mono/unityjit'
Mono config path = 'C:/Program Files/Unity/Hub/Editor/2020.3.2f1/Editor/Data/MonoBleedingEdge/etc'
Using monoOptions --debugger-agent=transport=dt_socket,embedding=1,server=y,suspend=n,address=127.0.0.1:56808
Begin MonoManager ReloadAssembly
Registering precompiled unity dll's ...
Register platform support module: C:/Program Files/Unity/Hub/Editor/2020.3.2f1/Editor/Data/PlaybackEngines/WebGLSupport/UnityEditor.WebGL.Extensions.dll
Register platform support module: C:/Program Files/Unity/Hub/Editor/2020.3.2f1/Editor/Data/PlaybackEngines/WindowsStandaloneSupport/UnityEditor.WindowsStandalone.Extensions.dll
Registered in 0.001717 seconds.
Native extension for WindowsStandalone target not found
Native extension for WebGL target not found
Refreshing native plugins compatible for Editor in 37.57 ms, found 1 plugins.
Preloading 0 native plugins for Editor in 0.00 ms.
Invoked RoslynAnalysisRunner static constructor.
RoslynAnalysisRunner will not be running.
RoslynAnalysisRunner has terminated.
Mono: successfully reloaded assembly
- Completed reload, in  1.160 seconds
Platform modules already initialized, skipping
Registering precompiled user dll's ...
Registered in 0.001024 seconds.
Begin MonoManager ReloadAssembly
Unloading broken assembly Library/ScriptAssemblies/Assembly-CSharp.dll, this assembly can cause crashes in the runtime

Native extension for WindowsStandalone target not found
Native extension for WebGL target not found
Refreshing native plugins compatible for Editor in 41.76 ms, found 1 plugins.
Preloading 0 native plugins for Editor in 0.00 ms.
Invoked RoslynAnalysisRunner static constructor.
RoslynAnalysisRunner will not be running.
RoslynAnalysisRunner has terminated.
Mono: successfully reloaded assembly
- Completed reload, in  0.991 seconds
Platform modules already initialized, skipping
========================================================================
Worker process is ready to serve import requests
Launched and connected shader compiler UnityShaderCompiler.exe after 0.04 seconds
Refreshing native plugins compatible for Editor in 0.35 ms, found 1 plugins.
Preloading 0 native plugins for Editor in 0.00 ms.
Unloading 1826 Unused Serialized files (Serialized files now loaded: 0)
System memory in use before: 87.3 MB.
System memory in use after: 87.3 MB.

Unloading 20 unused Assets to reduce memory usage. Loaded Objects now: 2274.
Total: 2.161900 ms (FindLiveObjects: 0.289800 ms CreateObjectMapping: 0.127600 ms MarkObjects: 1.674400 ms  DeleteObjects: 0.069200 ms)

========================================================================
Received Import Request.
  path: Assets/Scripts/Game/PlayerHand.cs
  artifactKey: Guid(b57b1240bb193bb4d8fd8d20b5dc7544) Importer(815301076,1909f56bfc062723c751e8b465ee728b)
Start importing Assets/Scripts/Game/PlayerHand.cs using Guid(b57b1240bb193bb4d8fd8d20b5dc7544) Importer(815301076,1909f56bfc062723c751e8b465ee728b)  -> (artifact id: 'aa4c719f34124195e87437f590fb9cdf') in 1.476180 seconds
  Import took 1.616009 seconds .

========================================================================
Received Import Request.
  Time since last request: 0.000403 seconds.
  path: Assets/Scripts/Game/PlayerDeck.cs
  artifactKey: Guid(9f0aa61f542100c478f80c0f6b086d33) Importer(815301076,1909f56bfc062723c751e8b465ee728b)
Start importing Assets/Scripts/Game/PlayerDeck.cs using Guid(9f0aa61f542100c478f80c0f6b086d33) Importer(815301076,1909f56bfc062723c751e8b465ee728b)  -> (artifact id: 'e0dff5beb734a64ed52bf4ef70aadfd7') in 0.029331 seconds
  Import took 0.112417 seconds .

========================================================================
Received Import Request.
  Time since last request: 67.055864 seconds.
  path: Assets/Scripts/Game/GameMaster.cs
  artifactKey: Guid(a8b685798cafd434d9450e73e5d11fa1) Importer(815301076,1909f56bfc062723c751e8b465ee728b)
Start importing Assets/Scripts/Game/GameMaster.cs using Guid(a8b685798cafd434d9450e73e5d11fa1) Importer(815301076,1909f56bfc062723c751e8b465ee728b)  -> (artifact id: '9c7a7ad7cf7808f25a00e64cdd2c8727') in 0.008632 seconds
  Import took 0.096044 seconds .

========================================================================
Received Import Request.
  Time since last request: 12.748965 seconds.
  path: Assets/Scripts/Game/PlayerDeck.cs
  artifactKey: Guid(9f0aa61f542100c478f80c0f6b086d33) Importer(815301076,1909f56bfc062723c751e8b465ee728b)
Start importing Assets/Scripts/Game/PlayerDeck.cs using Guid(9f0aa61f542100c478f80c0f6b086d33) Importer(815301076,1909f56bfc062723c751e8b465ee728b)  -> (artifact id: 'b6da7191b62b9cea577e1a5e9250edc4') in 0.003903 seconds
  Import took 0.092739 seconds .

========================================================================
Received Prepare
Registering precompiled user dll's ...
Registered in 0.001213 seconds.
Begin MonoManager ReloadAssembly
Native extension for WindowsStandalone target not found
Native extension for WebGL target not found
Refreshing native plugins compatible for Editor in 0.39 ms, found 1 plugins.
Preloading 0 native plugins for Editor in 0.00 ms.
Invoked RoslynAnalysisRunner static constructor.
RoslynAnalysisRunner will not be running.
RoslynAnalysisRunner has terminated.
Mono: successfully reloaded assembly
- Completed reload, in  0.947 seconds
Platform modules already initialized, skipping
Refreshing native plugins compatible for Editor in 0.37 ms, found 1 plugins.
Preloading 0 native plugins for Editor in 0.00 ms.
Unloading 1802 Unused Serialized files (Serialized files now loaded: 0)
System memory in use before: 85.4 MB.
System memory in use after: 85.5 MB.

Unloading 7 unused Assets to reduce memory usage. Loaded Objects now: 2278.
Total: 2.339500 ms (FindLiveObjects: 0.330000 ms CreateObjectMapping: 0.110500 ms MarkObjects: 1.876200 ms  DeleteObjects: 0.021300 ms)

========================================================================
Received Import Request.
  Time since last request: 55.549876 seconds.
  path: Assets/Scripts/Game/PlayerHand.cs
  artifactKey: Guid(b57b1240bb193bb4d8fd8d20b5dc7544) Importer(815301076,1909f56bfc062723c751e8b465ee728b)
Start importing Assets/Scripts/Game/PlayerHand.cs using Guid(b57b1240bb193bb4d8fd8d20b5dc7544) Importer(815301076,1909f56bfc062723c751e8b465ee728b)  -> (artifact id: '326a07a6eaf8f4d48ffe45f3c09ce475') in 0.004540 seconds
  Import took 0.132792 seconds .

========================================================================
Received Import Request.
  Time since last request: 18.254847 seconds.
  path: Assets/Resources/PlayerCanvas.prefab
  artifactKey: Guid(20729d0adbd2617479f943e22655f271) Importer(815301076,1909f56bfc062723c751e8b465ee728b)
Start importing Assets/Resources/PlayerCanvas.prefab using Guid(20729d0adbd2617479f943e22655f271) Importer(815301076,1909f56bfc062723c751e8b465ee728b)  -> (artifact id: '8e2a0fe7406fe2d22f8786d600dd3b3c') in 0.477231 seconds
  Import took 0.524339 seconds .

========================================================================
Received Import Request.
  Time since last request: 25.446559 seconds.
  path: Assets/Resources/PlayerCanvas.prefab
  artifactKey: Guid(20729d0adbd2617479f943e22655f271) Importer(815301076,1909f56bfc062723c751e8b465ee728b)
Start importing Assets/Resources/PlayerCanvas.prefab using Guid(20729d0adbd2617479f943e22655f271) Importer(815301076,1909f56bfc062723c751e8b465ee728b)  -> (artifact id: '41e31fe1e1eccc030eb0dcf28a4044b1') in 0.040204 seconds
  Import took 0.146658 seconds .

